
> @vinicius-ignite-design-system/docs@1.0.0 build
> build-storybook --output-dir dist

info @storybook/react v6.5.15
info 
info => Cleaning outputDir: /home/runner/work/ignite-design-system/ignite-design-system/packages/docs/dist
info => Loading presets
info => Loading custom manager config
info => Compiling manager..
info => Loading custom manager config

attention => Storybook now collects completely anonymous telemetry regarding usage.
This information is used to shape Storybook's roadmap and prioritize features.
You can learn more, including how to opt-out if you'd not like to participate in this anonymous program, by visiting the following URL:
https://storybook.js.org/telemetry

[36mvite v4.0.4 [32mbuilding for production...[36m[39m
transforming...
Use of eval in "../../node_modules/telejson/dist/esm/index.js" is strongly discouraged as it poses security risks and may cause issues with minification.
Use of eval in "../../node_modules/telejson/dist/esm/index.js" is strongly discouraged as it poses security risks and may cause issues with minification.
Use of eval in "../../node_modules/@storybook/components/dist/esm/index-681e4b07.js" is strongly discouraged as it poses security risks and may cause issues with minification.
[32m✓[39m 2594 modules transformed.
rendering chunks...
computing gzip size...
[2mdist/[22m[32miframe.html                                               [39m[1m[2m 14.17 kB[22m[1m[22m
[2mdist/[22m[2massets/[22m[35mTokensGrid-37594f72.css                            [39m[1m[2m  0.44 kB[22m[1m[22m[2m │ gzip:   0.22 kB[22m
[2mdist/[22m[2massets/[22m[36mes.number.is-nan-184059e4.js                       [39m[1m[2m  0.29 kB[22m[1m[22m[2m │ gzip:   0.25 kB[22m[2m │ map:     0.62 kB[22m
[2mdist/[22m[2massets/[22m[36mstring-d2fe5096.js                                 [39m[1m[2m  0.29 kB[22m[1m[22m[2m │ gzip:   0.24 kB[22m[2m │ map:     0.60 kB[22m
[2mdist/[22m[2massets/[22m[36mes.map.constructor-7191d149.js                     [39m[1m[2m  0.33 kB[22m[1m[22m[2m │ gzip:   0.27 kB[22m[2m │ map:     0.77 kB[22m
[2mdist/[22m[2massets/[22m[36mpreview-9d6ef0ce.js                                [39m[1m[2m  0.41 kB[22m[1m[22m[2m │ gzip:   0.31 kB[22m[2m │ map:     0.56 kB[22m
[2mdist/[22m[2massets/[22m[36mBox.stories-2ba68ca6.js                            [39m[1m[2m  0.48 kB[22m[1m[22m[2m │ gzip:   0.34 kB[22m[2m │ map:     0.10 kB[22m
[2mdist/[22m[2massets/[22m[36mToast.stories-aeff3b48.js                          [39m[1m[2m  0.52 kB[22m[1m[22m[2m │ gzip:   0.37 kB[22m[2m │ map:     0.11 kB[22m
[2mdist/[22m[2massets/[22m[36mAvatar.stories-452e0d19.js                         [39m[1m[2m  0.55 kB[22m[1m[22m[2m │ gzip:   0.39 kB[22m[2m │ map:     0.11 kB[22m
[2mdist/[22m[2massets/[22m[36mCheckbox.stories-2d50b025.js                       [39m[1m[2m  0.56 kB[22m[1m[22m[2m │ gzip:   0.40 kB[22m[2m │ map:     0.11 kB[22m
[2mdist/[22m[2massets/[22m[36mMultiStep.stories-e69b69e9.js                      [39m[1m[2m  0.57 kB[22m[1m[22m[2m │ gzip:   0.40 kB[22m[2m │ map:     0.11 kB[22m
[2mdist/[22m[2massets/[22m[36mTooltip.stories-99c0d483.js                        [39m[1m[2m  0.58 kB[22m[1m[22m[2m │ gzip:   0.40 kB[22m[2m │ map:     0.11 kB[22m
[2mdist/[22m[2massets/[22m[36mes.string.from-code-point-5034638a.js              [39m[1m[2m  0.62 kB[22m[1m[22m[2m │ gzip:   0.46 kB[22m[2m │ map:     2.20 kB[22m
[2mdist/[22m[2massets/[22m[36mTextArea.stories-2d2ffb59.js                       [39m[1m[2m  0.64 kB[22m[1m[22m[2m │ gzip:   0.44 kB[22m[2m │ map:     0.11 kB[22m
[2mdist/[22m[2massets/[22m[36mTextInput.stories-c1af6899.js                      [39m[1m[2m  0.69 kB[22m[1m[22m[2m │ gzip:   0.47 kB[22m[2m │ map:     0.11 kB[22m
[2mdist/[22m[2massets/[22m[36mHeading.stories-3c8031d0.js                        [39m[1m[2m  0.71 kB[22m[1m[22m[2m │ gzip:   0.47 kB[22m[2m │ map:     0.11 kB[22m
[2mdist/[22m[2massets/[22m[36mclient-5b316b55.js                                 [39m[1m[2m  0.72 kB[22m[1m[22m[2m │ gzip:   0.47 kB[22m[2m │ map:     0.91 kB[22m
[2mdist/[22m[2massets/[22m[36mes.regexp.flags-cbb44559.js                        [39m[1m[2m  0.75 kB[22m[1m[22m[2m │ gzip:   0.51 kB[22m[2m │ map:     2.75 kB[22m
[2mdist/[22m[2massets/[22m[36mText.stories-1c166475.js                           [39m[1m[2m  0.85 kB[22m[1m[22m[2m │ gzip:   0.55 kB[22m[2m │ map:     0.11 kB[22m
[2mdist/[22m[2massets/[22m[36mindex-91a0861f.js                                  [39m[1m[2m  0.93 kB[22m[1m[22m[2m │ gzip:   0.51 kB[22m[2m │ map:     2.52 kB[22m
[2mdist/[22m[2massets/[22m[36mTokensGrid-671f2e20.js                             [39m[1m[2m  0.93 kB[22m[1m[22m[2m │ gzip:   0.51 kB[22m[2m │ map:     1.66 kB[22m
[2mdist/[22m[2massets/[22m[36mmake-decorator-defd72b3.js                         [39m[1m[2m  0.94 kB[22m[1m[22m[2m │ gzip:   0.56 kB[22m[2m │ map:     3.08 kB[22m
[2mdist/[22m[2massets/[22m[36mpreview-440a5383.js                                [39m[1m[2m  1.00 kB[22m[1m[22m[2m │ gzip:   0.61 kB[22m[2m │ map:     7.44 kB[22m
[2mdist/[22m[2massets/[22m[36mjsx-runtime-1becbe17.js                            [39m[1m[2m  1.15 kB[22m[1m[22m[2m │ gzip:   0.71 kB[22m[2m │ map:     2.20 kB[22m
[2mdist/[22m[2massets/[22m[36mhome.stories-2474d452.js                           [39m[1m[2m  1.49 kB[22m[1m[22m[2m │ gzip:   0.85 kB[22m[2m │ map:     1.19 kB[22m
[2mdist/[22m[2massets/[22m[36mradii.stories-6dfdf83b.js                          [39m[1m[2m  1.59 kB[22m[1m[22m[2m │ gzip:   0.88 kB[22m[2m │ map:     1.39 kB[22m
[2mdist/[22m[2massets/[22m[36mspace.stories-15050862.js                          [39m[1m[2m  1.61 kB[22m[1m[22m[2m │ gzip:   0.89 kB[22m[2m │ map:     1.41 kB[22m
[2mdist/[22m[2massets/[22m[36mfont-weights.stories-7948156b.js                   [39m[1m[2m  1.62 kB[22m[1m[22m[2m │ gzip:   0.89 kB[22m[2m │ map:     1.44 kB[22m
[2mdist/[22m[2massets/[22m[36mline-heights.stories-3101e02b.js                   [39m[1m[2m  1.62 kB[22m[1m[22m[2m │ gzip:   0.89 kB[22m[2m │ map:     1.44 kB[22m
[2mdist/[22m[2massets/[22m[36mfont-sizes.stories-bc1a5a94.js                     [39m[1m[2m  1.63 kB[22m[1m[22m[2m │ gzip:   0.90 kB[22m[2m │ map:     1.45 kB[22m
[2mdist/[22m[2massets/[22m[36mes.number.is-integer-efe9022d.js                   [39m[1m[2m  1.63 kB[22m[1m[22m[2m │ gzip:   0.94 kB[22m[2m │ map:     8.65 kB[22m
[2mdist/[22m[2massets/[22m[36mes.number.to-fixed-3c0460d7.js                     [39m[1m[2m  1.78 kB[22m[1m[22m[2m │ gzip:   1.09 kB[22m[2m │ map:     8.23 kB[22m
[2mdist/[22m[2massets/[22m[36mfonts.stories-a2204693.js                          [39m[1m[2m  1.98 kB[22m[1m[22m[2m │ gzip:   1.04 kB[22m[2m │ map:     1.77 kB[22m
[2mdist/[22m[2massets/[22m[36mpreview-e1afb8d6.js                                [39m[1m[2m  2.44 kB[22m[1m[22m[2m │ gzip:   0.83 kB[22m[2m │ map:     4.31 kB[22m
[2mdist/[22m[2massets/[22m[36mindex-3da23d2a.js                                  [39m[1m[2m  2.79 kB[22m[1m[22m[2m │ gzip:   1.35 kB[22m[2m │ map:     6.11 kB[22m
[2mdist/[22m[2massets/[22m[36mrenderDocs-d5178937.js                             [39m[1m[2m  2.83 kB[22m[1m[22m[2m │ gzip:   1.40 kB[22m[2m │ map:     9.78 kB[22m
[2mdist/[22m[2massets/[22m[36mButton.stories-600adc1e.js                         [39m[1m[2m  3.12 kB[22m[1m[22m[2m │ gzip:   1.03 kB[22m[2m │ map:     6.08 kB[22m
[2mdist/[22m[2massets/[22m[36mpreview-e01fd75f.js                                [39m[1m[2m  3.63 kB[22m[1m[22m[2m │ gzip:   1.65 kB[22m[2m │ map:    14.28 kB[22m
[2mdist/[22m[2massets/[22m[36mpreview-8f15b44a.js                                [39m[1m[2m  4.78 kB[22m[1m[22m[2m │ gzip:   1.87 kB[22m[2m │ map:    17.22 kB[22m
[2mdist/[22m[2massets/[22m[36mconfig-9184b5e2.js                                 [39m[1m[2m  6.10 kB[22m[1m[22m[2m │ gzip:   2.45 kB[22m[2m │ map:    20.76 kB[22m
[2mdist/[22m[2massets/[22m[36mindex-43ec82a8.js                                  [39m[1m[2m  7.49 kB[22m[1m[22m[2m │ gzip:   3.09 kB[22m[2m │ map:    15.82 kB[22m
[2mdist/[22m[2massets/[22m[36mpreview-b631bd27.js                                [39m[1m[2m  8.34 kB[22m[1m[22m[2m │ gzip:   1.81 kB[22m[2m │ map:    17.29 kB[22m
[2mdist/[22m[2massets/[22m[36mpreview-774a3f90.js                                [39m[1m[2m  9.93 kB[22m[1m[22m[2m │ gzip:   3.52 kB[22m[2m │ map:    39.80 kB[22m
[2mdist/[22m[2massets/[22m[36mcolors.stories-f03d936a.js                         [39m[1m[2m 10.00 kB[22m[1m[22m[2m │ gzip:   4.29 kB[22m[2m │ map:   146.78 kB[22m
[2mdist/[22m[2massets/[22m[36mpreview-fa8482c8.js                                [39m[1m[2m 10.61 kB[22m[1m[22m[2m │ gzip:   4.13 kB[22m[2m │ map:    43.78 kB[22m
[2mdist/[22m[2massets/[22m[36mGlobalScrollAreaStyles-8793ce4a-60dbd2dc.js        [39m[1m[2m 10.68 kB[22m[1m[22m[2m │ gzip:   2.48 kB[22m[2m │ map:    20.88 kB[22m
[2mdist/[22m[2massets/[22m[36mpreview-96c54a6b.js                                [39m[1m[2m 27.18 kB[22m[1m[22m[2m │ gzip:   8.62 kB[22m[2m │ map:   105.41 kB[22m
[2mdist/[22m[2massets/[22m[36mProps-13c114cb.js                                  [39m[1m[2m 29.41 kB[22m[1m[22m[2m │ gzip:   9.69 kB[22m[2m │ map:   128.75 kB[22m
[2mdist/[22m[2massets/[22m[36mColor-f953d088-0c249282.js                         [39m[1m[2m 34.58 kB[22m[1m[22m[2m │ gzip:  13.13 kB[22m[2m │ map:   133.94 kB[22m
[2mdist/[22m[2massets/[22m[36mWithTooltip-167e9982-23b983e9.js                   [39m[1m[2m 41.30 kB[22m[1m[22m[2m │ gzip:  13.93 kB[22m[2m │ map:   181.30 kB[22m
[2mdist/[22m[2massets/[22m[36mes.object.get-own-property-descriptor-037fa860.js  [39m[1m[2m 60.86 kB[22m[1m[22m[2m │ gzip:  25.94 kB[22m[2m │ map:   330.69 kB[22m
[2mdist/[22m[2massets/[22m[36mindex-0b936420.js                                  [39m[1m[2m 61.03 kB[22m[1m[22m[2m │ gzip:  22.31 kB[22m[2m │ map:   274.09 kB[22m
[2mdist/[22m[2massets/[22m[36mOverlayScrollbars-1355f44c-f106dacc.js             [39m[1m[2m 64.84 kB[22m[1m[22m[2m │ gzip:  27.55 kB[22m[2m │ map:   443.89 kB[22m
[2mdist/[22m[2massets/[22m[36mindex-335d81a6.js                                  [39m[1m[2m 88.70 kB[22m[1m[22m[2m │ gzip:  30.28 kB[22m[2m │ map:   427.18 kB[22m
[2mdist/[22m[2massets/[22m[36mweb.url.constructor-f40e62cd.js                    [39m[1m[2m 99.36 kB[22m[1m[22m[2m │ gzip:  37.71 kB[22m[2m │ map:   462.66 kB[22m
[2mdist/[22m[2massets/[22m[36msyntaxhighlighter-b07b042a-74c5f52a.js             [39m[1m[2m117.48 kB[22m[1m[22m[2m │ gzip:  48.92 kB[22m[2m │ map:   468.49 kB[22m
[2mdist/[22m[2massets/[22m[36mindex-648f2948.js                                  [39m[1m[2m138.60 kB[22m[1m[22m[2m │ gzip:  45.68 kB[22m[2m │ map:   336.11 kB[22m
[2mdist/[22m[2massets/[22m[36miframe-5246c14e.js                                 [39m[1m[2m269.15 kB[22m[1m[22m[2m │ gzip:  71.24 kB[22m[2m │ map:   658.95 kB[22m
[2mdist/[22m[2massets/[22m[36mconfig-56cf657f.js                                 [39m[1m[2m304.69 kB[22m[1m[22m[2m │ gzip:  92.21 kB[22m[2m │ map: 1,112.68 kB[22m
[2mdist/[22m[2massets/[22m[36mindex-681e4b07-38973fa0.js                         [39m[1m[2m383.78 kB[22m[1m[22m[2m │ gzip: 114.40 kB[22m[2m │ map:   778.16 kB[22m
[2mdist/[22m[2massets/[22m[36maxe-5d253ce7.js                                    [39m[1m[33m507.70 kB[39m[22m[2m │ gzip: 136.41 kB[22m[2m │ map: 1,716.14 kB[22m
[2mdist/[22m[2massets/[22m[36mformatter-0d5cb0eb-d1c1a0d5.js                     [39m[1m[33m742.52 kB[39m[22m[2m │ gzip: 239.87 kB[22m[2m │ map: 1,796.33 kB[22m
[33m
(!) Some chunks are larger than 500 kBs after minification. Consider:
- Using dynamic import() to code-split the application
- Use build.rollupOptions.output.manualChunks to improve chunking: https://rollupjs.org/guide/en/#outputmanualchunks
- Adjust chunk size limit for this warning via build.chunkSizeWarningLimit.[39m
info => Manager built (1.67 min)
info => Output directory: /home/runner/work/ignite-design-system/ignite-design-system/packages/docs/dist
